The system is: Linux - 3.10.0-693.2.2.el7.x86_64 - x86_64
Compiling the C compiler identification source file "CMakeCCompilerId.c" succeeded.
Compiler: /usr/bin/cc 
Build flags: 
Id flags: 

The output was:
0


Compilation of the C compiler identification source "CMakeCCompilerId.c" produced "a.out"

The C compiler identification is GNU, found in "/home/elajs/Radiation-Control-arm/build/CMakeFiles/2.8.12.2/CompilerIdC/a.out"

Compiling the CXX compiler identification source file "CMakeCXXCompilerId.cpp" succeeded.
Compiler: /home/elajs/intelFPGA/17.1/embedded/ds-5/sw/gcc/bin/arm-linux-gnueabihf-g++ 
Build flags: 
Id flags: 

The output was:
0


Compilation of the CXX compiler identification source "CMakeCXXCompilerId.cpp" produced "a.out"

The CXX compiler identification is GNU, found in "/home/elajs/Radiation-Control-arm/build/CMakeFiles/2.8.12.2/CompilerIdCXX/a.out"

Determining if the C compiler works passed with the following output:
Change Dir: /home/elajs/Radiation-Control-arm/build/CMakeFiles/CMakeTmp

Run Build Command:/usr/bin/gmake "cmTryCompileExec3124834160/fast"
/usr/bin/gmake -f CMakeFiles/cmTryCompileExec3124834160.dir/build.make CMakeFiles/cmTryCompileExec3124834160.dir/build
gmake[1]: Entering directory `/home/elajs/Radiation-Control-arm/build/CMakeFiles/CMakeTmp'
/usr/local/bin/cmake -E cmake_progress_report /home/elajs/Radiation-Control-arm/build/CMakeFiles/CMakeTmp/CMakeFiles 1
Building C object CMakeFiles/cmTryCompileExec3124834160.dir/testCCompiler.c.o
/usr/bin/cc    -o CMakeFiles/cmTryCompileExec3124834160.dir/testCCompiler.c.o   -c /home/elajs/Radiation-Control-arm/build/CMakeFiles/CMakeTmp/testCCompiler.c
Linking C executable cmTryCompileExec3124834160
/usr/local/bin/cmake -E cmake_link_script CMakeFiles/cmTryCompileExec3124834160.dir/link.txt --verbose=1
/usr/bin/cc       CMakeFiles/cmTryCompileExec3124834160.dir/testCCompiler.c.o  -o cmTryCompileExec3124834160 -rdynamic 
gmake[1]: Leaving directory `/home/elajs/Radiation-Control-arm/build/CMakeFiles/CMakeTmp'


Detecting C compiler ABI info compiled with the following output:
Change Dir: /home/elajs/Radiation-Control-arm/build/CMakeFiles/CMakeTmp

Run Build Command:/usr/bin/gmake "cmTryCompileExec3062462023/fast"
/usr/bin/gmake -f CMakeFiles/cmTryCompileExec3062462023.dir/build.make CMakeFiles/cmTryCompileExec3062462023.dir/build
gmake[1]: Entering directory `/home/elajs/Radiation-Control-arm/build/CMakeFiles/CMakeTmp'
/usr/local/bin/cmake -E cmake_progress_report /home/elajs/Radiation-Control-arm/build/CMakeFiles/CMakeTmp/CMakeFiles 1
Building C object CMakeFiles/cmTryCompileExec3062462023.dir/CMakeCCompilerABI.c.o
/usr/bin/cc    -o CMakeFiles/cmTryCompileExec3062462023.dir/CMakeCCompilerABI.c.o   -c /usr/local/share/cmake-2.8/Modules/CMakeCCompilerABI.c
Linking C executable cmTryCompileExec3062462023
/usr/local/bin/cmake -E cmake_link_script CMakeFiles/cmTryCompileExec3062462023.dir/link.txt --verbose=1
/usr/bin/cc     -v CMakeFiles/cmTryCompileExec3062462023.dir/CMakeCCompilerABI.c.o  -o cmTryCompileExec3062462023 -rdynamic  
Using built-in specs.
COLLECT_GCC=/usr/bin/cc
COLLECT_LTO_WRAPPER=/usr/libexec/gcc/x86_64-redhat-linux/4.8.5/lto-wrapper
Target: x86_64-redhat-linux
Configured with: ../configure --prefix=/usr --mandir=/usr/share/man --infodir=/usr/share/info --with-bugurl=http://bugzilla.redhat.com/bugzilla --enable-bootstrap --enable-shared --enable-threads=posix --enable-checking=release --with-system-zlib --enable-__cxa_atexit --disable-libunwind-exceptions --enable-gnu-unique-object --enable-linker-build-id --with-linker-hash-style=gnu --enable-languages=c,c++,objc,obj-c++,java,fortran,ada,go,lto --enable-plugin --enable-initfini-array --disable-libgcj --with-isl=/builddir/build/BUILD/gcc-4.8.5-20150702/obj-x86_64-redhat-linux/isl-install --with-cloog=/builddir/build/BUILD/gcc-4.8.5-20150702/obj-x86_64-redhat-linux/cloog-install --enable-gnu-indirect-function --with-tune=generic --with-arch_32=x86-64 --build=x86_64-redhat-linux
Thread model: posix
gcc version 4.8.5 20150623 (Red Hat 4.8.5-16) (GCC) 
COMPILER_PATH=/usr/libexec/gcc/x86_64-redhat-linux/4.8.5/:/usr/libexec/gcc/x86_64-redhat-linux/4.8.5/:/usr/libexec/gcc/x86_64-redhat-linux/:/usr/lib/gcc/x86_64-redhat-linux/4.8.5/:/usr/lib/gcc/x86_64-redhat-linux/
LIBRARY_PATH=/usr/lib/gcc/x86_64-redhat-linux/4.8.5/:/usr/lib/gcc/x86_64-redhat-linux/4.8.5/../../../../lib64/:/lib/../lib64/:/usr/lib/../lib64/:/usr/lib/gcc/x86_64-redhat-linux/4.8.5/../../../:/lib/:/usr/lib/
COLLECT_GCC_OPTIONS='-v' '-o' 'cmTryCompileExec3062462023' '-rdynamic' '-mtune=generic' '-march=x86-64'
 /usr/libexec/gcc/x86_64-redhat-linux/4.8.5/collect2 --build-id --no-add-needed --eh-frame-hdr --hash-style=gnu -m elf_x86_64 -export-dynamic -dynamic-linker /lib64/ld-linux-x86-64.so.2 -o cmTryCompileExec3062462023 /usr/lib/gcc/x86_64-redhat-linux/4.8.5/../../../../lib64/crt1.o /usr/lib/gcc/x86_64-redhat-linux/4.8.5/../../../../lib64/crti.o /usr/lib/gcc/x86_64-redhat-linux/4.8.5/crtbegin.o -L/usr/lib/gcc/x86_64-redhat-linux/4.8.5 -L/usr/lib/gcc/x86_64-redhat-linux/4.8.5/../../../../lib64 -L/lib/../lib64 -L/usr/lib/../lib64 -L/usr/lib/gcc/x86_64-redhat-linux/4.8.5/../../.. CMakeFiles/cmTryCompileExec3062462023.dir/CMakeCCompilerABI.c.o -lgcc --as-needed -lgcc_s --no-as-needed -lc -lgcc --as-needed -lgcc_s --no-as-needed /usr/lib/gcc/x86_64-redhat-linux/4.8.5/crtend.o /usr/lib/gcc/x86_64-redhat-linux/4.8.5/../../../../lib64/crtn.o
gmake[1]: Leaving directory `/home/elajs/Radiation-Control-arm/build/CMakeFiles/CMakeTmp'


Parsed C implicit link information from above output:
  link line regex: [^( *|.*[/\])(ld|([^/\]+-)?ld|collect2)[^/\]*( |$)]
  ignore line: [Change Dir: /home/elajs/Radiation-Control-arm/build/CMakeFiles/CMakeTmp]
  ignore line: []
  ignore line: [Run Build Command:/usr/bin/gmake "cmTryCompileExec3062462023/fast"]
  ignore line: [/usr/bin/gmake -f CMakeFiles/cmTryCompileExec3062462023.dir/build.make CMakeFiles/cmTryCompileExec3062462023.dir/build]
  ignore line: [gmake[1]: Entering directory `/home/elajs/Radiation-Control-arm/build/CMakeFiles/CMakeTmp']
  ignore line: [/usr/local/bin/cmake -E cmake_progress_report /home/elajs/Radiation-Control-arm/build/CMakeFiles/CMakeTmp/CMakeFiles 1]
  ignore line: [Building C object CMakeFiles/cmTryCompileExec3062462023.dir/CMakeCCompilerABI.c.o]
  ignore line: [/usr/bin/cc    -o CMakeFiles/cmTryCompileExec3062462023.dir/CMakeCCompilerABI.c.o   -c /usr/local/share/cmake-2.8/Modules/CMakeCCompilerABI.c]
  ignore line: [Linking C executable cmTryCompileExec3062462023]
  ignore line: [/usr/local/bin/cmake -E cmake_link_script CMakeFiles/cmTryCompileExec3062462023.dir/link.txt --verbose=1]
  ignore line: [/usr/bin/cc     -v CMakeFiles/cmTryCompileExec3062462023.dir/CMakeCCompilerABI.c.o  -o cmTryCompileExec3062462023 -rdynamic  ]
  ignore line: [Using built-in specs.]
  ignore line: [COLLECT_GCC=/usr/bin/cc]
  ignore line: [COLLECT_LTO_WRAPPER=/usr/libexec/gcc/x86_64-redhat-linux/4.8.5/lto-wrapper]
  ignore line: [Target: x86_64-redhat-linux]
  ignore line: [Configured with: ../configure --prefix=/usr --mandir=/usr/share/man --infodir=/usr/share/info --with-bugurl=http://bugzilla.redhat.com/bugzilla --enable-bootstrap --enable-shared --enable-threads=posix --enable-checking=release --with-system-zlib --enable-__cxa_atexit --disable-libunwind-exceptions --enable-gnu-unique-object --enable-linker-build-id --with-linker-hash-style=gnu --enable-languages=c,c++,objc,obj-c++,java,fortran,ada,go,lto --enable-plugin --enable-initfini-array --disable-libgcj --with-isl=/builddir/build/BUILD/gcc-4.8.5-20150702/obj-x86_64-redhat-linux/isl-install --with-cloog=/builddir/build/BUILD/gcc-4.8.5-20150702/obj-x86_64-redhat-linux/cloog-install --enable-gnu-indirect-function --with-tune=generic --with-arch_32=x86-64 --build=x86_64-redhat-linux]
  ignore line: [Thread model: posix]
  ignore line: [gcc version 4.8.5 20150623 (Red Hat 4.8.5-16) (GCC) ]
  ignore line: [COMPILER_PATH=/usr/libexec/gcc/x86_64-redhat-linux/4.8.5/:/usr/libexec/gcc/x86_64-redhat-linux/4.8.5/:/usr/libexec/gcc/x86_64-redhat-linux/:/usr/lib/gcc/x86_64-redhat-linux/4.8.5/:/usr/lib/gcc/x86_64-redhat-linux/]
  ignore line: [LIBRARY_PATH=/usr/lib/gcc/x86_64-redhat-linux/4.8.5/:/usr/lib/gcc/x86_64-redhat-linux/4.8.5/../../../../lib64/:/lib/../lib64/:/usr/lib/../lib64/:/usr/lib/gcc/x86_64-redhat-linux/4.8.5/../../../:/lib/:/usr/lib/]
  ignore line: [COLLECT_GCC_OPTIONS='-v' '-o' 'cmTryCompileExec3062462023' '-rdynamic' '-mtune=generic' '-march=x86-64']
  link line: [ /usr/libexec/gcc/x86_64-redhat-linux/4.8.5/collect2 --build-id --no-add-needed --eh-frame-hdr --hash-style=gnu -m elf_x86_64 -export-dynamic -dynamic-linker /lib64/ld-linux-x86-64.so.2 -o cmTryCompileExec3062462023 /usr/lib/gcc/x86_64-redhat-linux/4.8.5/../../../../lib64/crt1.o /usr/lib/gcc/x86_64-redhat-linux/4.8.5/../../../../lib64/crti.o /usr/lib/gcc/x86_64-redhat-linux/4.8.5/crtbegin.o -L/usr/lib/gcc/x86_64-redhat-linux/4.8.5 -L/usr/lib/gcc/x86_64-redhat-linux/4.8.5/../../../../lib64 -L/lib/../lib64 -L/usr/lib/../lib64 -L/usr/lib/gcc/x86_64-redhat-linux/4.8.5/../../.. CMakeFiles/cmTryCompileExec3062462023.dir/CMakeCCompilerABI.c.o -lgcc --as-needed -lgcc_s --no-as-needed -lc -lgcc --as-needed -lgcc_s --no-as-needed /usr/lib/gcc/x86_64-redhat-linux/4.8.5/crtend.o /usr/lib/gcc/x86_64-redhat-linux/4.8.5/../../../../lib64/crtn.o]
    arg [/usr/libexec/gcc/x86_64-redhat-linux/4.8.5/collect2] ==> ignore
    arg [--build-id] ==> ignore
    arg [--no-add-needed] ==> ignore
    arg [--eh-frame-hdr] ==> ignore
    arg [--hash-style=gnu] ==> ignore
    arg [-m] ==> ignore
    arg [elf_x86_64] ==> ignore
    arg [-export-dynamic] ==> ignore
    arg [-dynamic-linker] ==> ignore
    arg [/lib64/ld-linux-x86-64.so.2] ==> ignore
    arg [-o] ==> ignore
    arg [cmTryCompileExec3062462023] ==> ignore
    arg [/usr/lib/gcc/x86_64-redhat-linux/4.8.5/../../../../lib64/crt1.o] ==> ignore
    arg [/usr/lib/gcc/x86_64-redhat-linux/4.8.5/../../../../lib64/crti.o] ==> ignore
    arg [/usr/lib/gcc/x86_64-redhat-linux/4.8.5/crtbegin.o] ==> ignore
    arg [-L/usr/lib/gcc/x86_64-redhat-linux/4.8.5] ==> dir [/usr/lib/gcc/x86_64-redhat-linux/4.8.5]
    arg [-L/usr/lib/gcc/x86_64-redhat-linux/4.8.5/../../../../lib64] ==> dir [/usr/lib/gcc/x86_64-redhat-linux/4.8.5/../../../../lib64]
    arg [-L/lib/../lib64] ==> dir [/lib/../lib64]
    arg [-L/usr/lib/../lib64] ==> dir [/usr/lib/../lib64]
    arg [-L/usr/lib/gcc/x86_64-redhat-linux/4.8.5/../../..] ==> dir [/usr/lib/gcc/x86_64-redhat-linux/4.8.5/../../..]
    arg [CMakeFiles/cmTryCompileExec3062462023.dir/CMakeCCompilerABI.c.o] ==> ignore
    arg [-lgcc] ==> lib [gcc]
    arg [--as-needed] ==> ignore
    arg [-lgcc_s] ==> lib [gcc_s]
    arg [--no-as-needed] ==> ignore
    arg [-lc] ==> lib [c]
    arg [-lgcc] ==> lib [gcc]
    arg [--as-needed] ==> ignore
    arg [-lgcc_s] ==> lib [gcc_s]
    arg [--no-as-needed] ==> ignore
    arg [/usr/lib/gcc/x86_64-redhat-linux/4.8.5/crtend.o] ==> ignore
    arg [/usr/lib/gcc/x86_64-redhat-linux/4.8.5/../../../../lib64/crtn.o] ==> ignore
  remove lib [gcc]
  remove lib [gcc_s]
  remove lib [gcc]
  remove lib [gcc_s]
  collapse library dir [/usr/lib/gcc/x86_64-redhat-linux/4.8.5] ==> [/usr/lib/gcc/x86_64-redhat-linux/4.8.5]
  collapse library dir [/usr/lib/gcc/x86_64-redhat-linux/4.8.5/../../../../lib64] ==> [/usr/lib64]
  collapse library dir [/lib/../lib64] ==> [/lib64]
  collapse library dir [/usr/lib/../lib64] ==> [/usr/lib64]
  collapse library dir [/usr/lib/gcc/x86_64-redhat-linux/4.8.5/../../..] ==> [/usr/lib]
  implicit libs: [c]
  implicit dirs: [/usr/lib/gcc/x86_64-redhat-linux/4.8.5;/usr/lib64;/lib64;/usr/lib]
  implicit fwks: []


Determining if the CXX compiler works passed with the following output:
Change Dir: /home/elajs/Radiation-Control-arm/build/CMakeFiles/CMakeTmp

Run Build Command:/usr/bin/gmake "cmTryCompileExec2515366045/fast"
/usr/bin/gmake -f CMakeFiles/cmTryCompileExec2515366045.dir/build.make CMakeFiles/cmTryCompileExec2515366045.dir/build
gmake[1]: Entering directory `/home/elajs/Radiation-Control-arm/build/CMakeFiles/CMakeTmp'
/usr/local/bin/cmake -E cmake_progress_report /home/elajs/Radiation-Control-arm/build/CMakeFiles/CMakeTmp/CMakeFiles 1
Building CXX object CMakeFiles/cmTryCompileExec2515366045.dir/testCXXCompiler.cxx.o
/home/elajs/intelFPGA/17.1/embedded/ds-5/sw/gcc/bin/arm-linux-gnueabihf-g++     -o CMakeFiles/cmTryCompileExec2515366045.dir/testCXXCompiler.cxx.o -c /home/elajs/Radiation-Control-arm/build/CMakeFiles/CMakeTmp/testCXXCompiler.cxx
Linking CXX executable cmTryCompileExec2515366045
/usr/local/bin/cmake -E cmake_link_script CMakeFiles/cmTryCompileExec2515366045.dir/link.txt --verbose=1
/home/elajs/intelFPGA/17.1/embedded/ds-5/sw/gcc/bin/arm-linux-gnueabihf-g++        CMakeFiles/cmTryCompileExec2515366045.dir/testCXXCompiler.cxx.o  -o cmTryCompileExec2515366045 -rdynamic 
gmake[1]: Leaving directory `/home/elajs/Radiation-Control-arm/build/CMakeFiles/CMakeTmp'


Detecting CXX compiler ABI info compiled with the following output:
Change Dir: /home/elajs/Radiation-Control-arm/build/CMakeFiles/CMakeTmp

Run Build Command:/usr/bin/gmake "cmTryCompileExec562411802/fast"
/usr/bin/gmake -f CMakeFiles/cmTryCompileExec562411802.dir/build.make CMakeFiles/cmTryCompileExec562411802.dir/build
gmake[1]: Entering directory `/home/elajs/Radiation-Control-arm/build/CMakeFiles/CMakeTmp'
/usr/local/bin/cmake -E cmake_progress_report /home/elajs/Radiation-Control-arm/build/CMakeFiles/CMakeTmp/CMakeFiles 1
Building CXX object CMakeFiles/cmTryCompileExec562411802.dir/CMakeCXXCompilerABI.cpp.o
/home/elajs/intelFPGA/17.1/embedded/ds-5/sw/gcc/bin/arm-linux-gnueabihf-g++     -o CMakeFiles/cmTryCompileExec562411802.dir/CMakeCXXCompilerABI.cpp.o -c /usr/local/share/cmake-2.8/Modules/CMakeCXXCompilerABI.cpp
Linking CXX executable cmTryCompileExec562411802
/usr/local/bin/cmake -E cmake_link_script CMakeFiles/cmTryCompileExec562411802.dir/link.txt --verbose=1
/home/elajs/intelFPGA/17.1/embedded/ds-5/sw/gcc/bin/arm-linux-gnueabihf-g++      -v CMakeFiles/cmTryCompileExec562411802.dir/CMakeCXXCompilerABI.cpp.o  -o cmTryCompileExec562411802 -rdynamic  
Using built-in specs.
COLLECT_GCC=/home/elajs/intelFPGA/17.1/embedded/ds-5/sw/gcc/bin/arm-linux-gnueabihf-g++
COLLECT_LTO_WRAPPER=/home/elajs/intelFPGA/17.1/embedded/ds-5/sw/gcc/bin/../libexec/gcc/arm-linux-gnueabihf/4.8.3/lto-wrapper
Target: arm-linux-gnueabihf
Configured with: /cbuild/slaves/oorts/crosstool-ng/builds/arm-linux-gnueabihf-linux/.build/src/gcc-linaro-4.8-2014.04/configure --build=i686-build_pc-linux-gnu --host=i686-build_pc-linux-gnu --target=arm-linux-gnueabihf --prefix=/cbuild/slaves/oorts/crosstool-ng/builds/arm-linux-gnueabihf-linux/install --with-sysroot=/cbuild/slaves/oorts/crosstool-ng/builds/arm-linux-gnueabihf-linux/install/arm-linux-gnueabihf/libc --enable-languages=c,c++,fortran --enable-multilib --with-arch=armv7-a --with-tune=cortex-a9 --with-fpu=vfpv3-d16 --with-float=hard --with-pkgversion='crosstool-NG linaro-1.13.1-4.8-2014.04 - Linaro GCC 4.8-2014.04' --with-bugurl=https://bugs.launchpad.net/gcc-linaro --enable-__cxa_atexit --enable-libmudflap --enable-libgomp --enable-libssp --with-gmp=/cbuild/slaves/oorts/crosstool-ng/builds/arm-linux-gnueabihf-linux/.build/arm-linux-gnueabihf/build/static --with-mpfr=/cbuild/slaves/oorts/crosstool-ng/builds/arm-linux-gnueabihf-linux/.build/arm-linux-gnueabihf/build/static --with-mpc=/cbuild/slaves/oorts/crosstool-ng/builds/arm-linux-gnueabihf-linux/.build/arm-linux-gnueabihf/build/static --with-isl=/cbuild/slaves/oorts/crosstool-ng/builds/arm-linux-gnueabihf-linux/.build/arm-linux-gnueabihf/build/static --with-cloog=/cbuild/slaves/oorts/crosstool-ng/builds/arm-linux-gnueabihf-linux/.build/arm-linux-gnueabihf/build/static --with-libelf=/cbuild/slaves/oorts/crosstool-ng/builds/arm-linux-gnueabihf-linux/.build/arm-linux-gnueabihf/build/static --enable-threads=posix --disable-libstdcxx-pch --enable-linker-build-id --enable-gold --with-local-prefix=/cbuild/slaves/oorts/crosstool-ng/builds/arm-linux-gnueabihf-linux/install/arm-linux-gnueabihf/libc --enable-c99 --enable-long-long --with-mode=thumb --with-float=hard
Thread model: posix
gcc version 4.8.3 20140401 (prerelease) (crosstool-NG linaro-1.13.1-4.8-2014.04 - Linaro GCC 4.8-2014.04) 
COMPILER_PATH=/home/elajs/intelFPGA/17.1/embedded/ds-5/sw/gcc/bin/../libexec/gcc/arm-linux-gnueabihf/4.8.3/:/home/elajs/intelFPGA/17.1/embedded/ds-5/sw/gcc/bin/../libexec/gcc/arm-linux-gnueabihf/:/home/elajs/intelFPGA/17.1/embedded/ds-5/sw/gcc/bin/../libexec/gcc/:/home/elajs/intelFPGA/17.1/embedded/ds-5/sw/gcc/bin/../libexec/gcc/arm-linux-gnueabihf/:/home/elajs/intelFPGA/17.1/embedded/ds-5/sw/gcc/bin/../lib/gcc/arm-linux-gnueabihf/4.8.3/../../../../arm-linux-gnueabihf/bin/
LIBRARY_PATH=/home/elajs/intelFPGA/17.1/embedded/ds-5/sw/gcc/bin/../lib/gcc/arm-linux-gnueabihf/4.8.3/:/home/elajs/intelFPGA/17.1/embedded/ds-5/sw/gcc/bin/../lib/gcc/arm-linux-gnueabihf/:/home/elajs/intelFPGA/17.1/embedded/ds-5/sw/gcc/bin/../lib/gcc/:/home/elajs/intelFPGA/17.1/embedded/ds-5/sw/gcc/bin/../lib/gcc/arm-linux-gnueabihf/:/home/elajs/intelFPGA/17.1/embedded/ds-5/sw/gcc/bin/../lib/gcc/arm-linux-gnueabihf/4.8.3/../../../../arm-linux-gnueabihf/lib/:/home/elajs/intelFPGA/17.1/embedded/ds-5/sw/gcc/bin/../arm-linux-gnueabihf/libc/lib/arm-linux-gnueabihf/:/home/elajs/intelFPGA/17.1/embedded/ds-5/sw/gcc/bin/../arm-linux-gnueabihf/libc/lib/:/home/elajs/intelFPGA/17.1/embedded/ds-5/sw/gcc/bin/../arm-linux-gnueabihf/libc/lib/arm-linux-gnueabihf/:/home/elajs/intelFPGA/17.1/embedded/ds-5/sw/gcc/bin/../arm-linux-gnueabihf/libc/usr/lib/arm-linux-gnueabihf/:/home/elajs/intelFPGA/17.1/embedded/ds-5/sw/gcc/bin/../arm-linux-gnueabihf/libc/usr/lib/:/home/elajs/intelFPGA/17.1/embedded/ds-5/sw/gcc/bin/../arm-linux-gnueabihf/libc/usr/lib/arm-linux-gnueabihf/
COLLECT_GCC_OPTIONS='-v' '-o' 'cmTryCompileExec562411802' '-rdynamic' '-shared-libgcc' '-march=armv7-a' '-mtune=cortex-a9' '-mfloat-abi=hard' '-mfpu=vfpv3-d16' '-mthumb' '-mtls-dialect=gnu'
 /home/elajs/intelFPGA/17.1/embedded/ds-5/sw/gcc/bin/../libexec/gcc/arm-linux-gnueabihf/4.8.3/collect2 --sysroot=/home/elajs/intelFPGA/17.1/embedded/ds-5/sw/gcc/bin/../arm-linux-gnueabihf/libc --build-id --eh-frame-hdr -export-dynamic -dynamic-linker /lib/ld-linux-armhf.so.3 -X -m armelf_linux_eabi -o cmTryCompileExec562411802 /home/elajs/intelFPGA/17.1/embedded/ds-5/sw/gcc/bin/../arm-linux-gnueabihf/libc/usr/lib/arm-linux-gnueabihf/crt1.o /home/elajs/intelFPGA/17.1/embedded/ds-5/sw/gcc/bin/../arm-linux-gnueabihf/libc/usr/lib/arm-linux-gnueabihf/crti.o /home/elajs/intelFPGA/17.1/embedded/ds-5/sw/gcc/bin/../lib/gcc/arm-linux-gnueabihf/4.8.3/crtbegin.o -L/home/elajs/intelFPGA/17.1/embedded/ds-5/sw/gcc/bin/../lib/gcc/arm-linux-gnueabihf/4.8.3 -L/home/elajs/intelFPGA/17.1/embedded/ds-5/sw/gcc/bin/../lib/gcc/arm-linux-gnueabihf -L/home/elajs/intelFPGA/17.1/embedded/ds-5/sw/gcc/bin/../lib/gcc -L/home/elajs/intelFPGA/17.1/embedded/ds-5/sw/gcc/bin/../lib/gcc/arm-linux-gnueabihf -L/home/elajs/intelFPGA/17.1/embedded/ds-5/sw/gcc/bin/../lib/gcc/arm-linux-gnueabihf/4.8.3/../../../../arm-linux-gnueabihf/lib -L/home/elajs/intelFPGA/17.1/embedded/ds-5/sw/gcc/bin/../arm-linux-gnueabihf/libc/lib/arm-linux-gnueabihf -L/home/elajs/intelFPGA/17.1/embedded/ds-5/sw/gcc/bin/../arm-linux-gnueabihf/libc/lib -L/home/elajs/intelFPGA/17.1/embedded/ds-5/sw/gcc/bin/../arm-linux-gnueabihf/libc/lib/arm-linux-gnueabihf -L/home/elajs/intelFPGA/17.1/embedded/ds-5/sw/gcc/bin/../arm-linux-gnueabihf/libc/usr/lib/arm-linux-gnueabihf -L/home/elajs/intelFPGA/17.1/embedded/ds-5/sw/gcc/bin/../arm-linux-gnueabihf/libc/usr/lib -L/home/elajs/intelFPGA/17.1/embedded/ds-5/sw/gcc/bin/../arm-linux-gnueabihf/libc/usr/lib/arm-linux-gnueabihf CMakeFiles/cmTryCompileExec562411802.dir/CMakeCXXCompilerABI.cpp.o -lstdc++ -lm -lgcc_s -lgcc -lc -lgcc_s -lgcc /home/elajs/intelFPGA/17.1/embedded/ds-5/sw/gcc/bin/../lib/gcc/arm-linux-gnueabihf/4.8.3/crtend.o /home/elajs/intelFPGA/17.1/embedded/ds-5/sw/gcc/bin/../arm-linux-gnueabihf/libc/usr/lib/arm-linux-gnueabihf/crtn.o
gmake[1]: Leaving directory `/home/elajs/Radiation-Control-arm/build/CMakeFiles/CMakeTmp'


Parsed CXX implicit link information from above output:
  link line regex: [^( *|.*[/\])(ld|([^/\]+-)?ld|collect2)[^/\]*( |$)]
  ignore line: [Change Dir: /home/elajs/Radiation-Control-arm/build/CMakeFiles/CMakeTmp]
  ignore line: []
  ignore line: [Run Build Command:/usr/bin/gmake "cmTryCompileExec562411802/fast"]
  ignore line: [/usr/bin/gmake -f CMakeFiles/cmTryCompileExec562411802.dir/build.make CMakeFiles/cmTryCompileExec562411802.dir/build]
  ignore line: [gmake[1]: Entering directory `/home/elajs/Radiation-Control-arm/build/CMakeFiles/CMakeTmp']
  ignore line: [/usr/local/bin/cmake -E cmake_progress_report /home/elajs/Radiation-Control-arm/build/CMakeFiles/CMakeTmp/CMakeFiles 1]
  ignore line: [Building CXX object CMakeFiles/cmTryCompileExec562411802.dir/CMakeCXXCompilerABI.cpp.o]
  ignore line: [/home/elajs/intelFPGA/17.1/embedded/ds-5/sw/gcc/bin/arm-linux-gnueabihf-g++     -o CMakeFiles/cmTryCompileExec562411802.dir/CMakeCXXCompilerABI.cpp.o -c /usr/local/share/cmake-2.8/Modules/CMakeCXXCompilerABI.cpp]
  ignore line: [Linking CXX executable cmTryCompileExec562411802]
  ignore line: [/usr/local/bin/cmake -E cmake_link_script CMakeFiles/cmTryCompileExec562411802.dir/link.txt --verbose=1]
  ignore line: [/home/elajs/intelFPGA/17.1/embedded/ds-5/sw/gcc/bin/arm-linux-gnueabihf-g++      -v CMakeFiles/cmTryCompileExec562411802.dir/CMakeCXXCompilerABI.cpp.o  -o cmTryCompileExec562411802 -rdynamic  ]
  ignore line: [Using built-in specs.]
  ignore line: [COLLECT_GCC=/home/elajs/intelFPGA/17.1/embedded/ds-5/sw/gcc/bin/arm-linux-gnueabihf-g++]
  ignore line: [COLLECT_LTO_WRAPPER=/home/elajs/intelFPGA/17.1/embedded/ds-5/sw/gcc/bin/../libexec/gcc/arm-linux-gnueabihf/4.8.3/lto-wrapper]
  ignore line: [Target: arm-linux-gnueabihf]
  ignore line: [Configured with: /cbuild/slaves/oorts/crosstool-ng/builds/arm-linux-gnueabihf-linux/.build/src/gcc-linaro-4.8-2014.04/configure --build=i686-build_pc-linux-gnu --host=i686-build_pc-linux-gnu --target=arm-linux-gnueabihf --prefix=/cbuild/slaves/oorts/crosstool-ng/builds/arm-linux-gnueabihf-linux/install --with-sysroot=/cbuild/slaves/oorts/crosstool-ng/builds/arm-linux-gnueabihf-linux/install/arm-linux-gnueabihf/libc --enable-languages=c,c++,fortran --enable-multilib --with-arch=armv7-a --with-tune=cortex-a9 --with-fpu=vfpv3-d16 --with-float=hard --with-pkgversion='crosstool-NG linaro-1.13.1-4.8-2014.04 - Linaro GCC 4.8-2014.04' --with-bugurl=https://bugs.launchpad.net/gcc-linaro --enable-__cxa_atexit --enable-libmudflap --enable-libgomp --enable-libssp --with-gmp=/cbuild/slaves/oorts/crosstool-ng/builds/arm-linux-gnueabihf-linux/.build/arm-linux-gnueabihf/build/static --with-mpfr=/cbuild/slaves/oorts/crosstool-ng/builds/arm-linux-gnueabihf-linux/.build/arm-linux-gnueabihf/build/static --with-mpc=/cbuild/slaves/oorts/crosstool-ng/builds/arm-linux-gnueabihf-linux/.build/arm-linux-gnueabihf/build/static --with-isl=/cbuild/slaves/oorts/crosstool-ng/builds/arm-linux-gnueabihf-linux/.build/arm-linux-gnueabihf/build/static --with-cloog=/cbuild/slaves/oorts/crosstool-ng/builds/arm-linux-gnueabihf-linux/.build/arm-linux-gnueabihf/build/static --with-libelf=/cbuild/slaves/oorts/crosstool-ng/builds/arm-linux-gnueabihf-linux/.build/arm-linux-gnueabihf/build/static --enable-threads=posix --disable-libstdcxx-pch --enable-linker-build-id --enable-gold --with-local-prefix=/cbuild/slaves/oorts/crosstool-ng/builds/arm-linux-gnueabihf-linux/install/arm-linux-gnueabihf/libc --enable-c99 --enable-long-long --with-mode=thumb --with-float=hard]
  ignore line: [Thread model: posix]
  ignore line: [gcc version 4.8.3 20140401 (prerelease) (crosstool-NG linaro-1.13.1-4.8-2014.04 - Linaro GCC 4.8-2014.04) ]
  ignore line: [COMPILER_PATH=/home/elajs/intelFPGA/17.1/embedded/ds-5/sw/gcc/bin/../libexec/gcc/arm-linux-gnueabihf/4.8.3/:/home/elajs/intelFPGA/17.1/embedded/ds-5/sw/gcc/bin/../libexec/gcc/arm-linux-gnueabihf/:/home/elajs/intelFPGA/17.1/embedded/ds-5/sw/gcc/bin/../libexec/gcc/:/home/elajs/intelFPGA/17.1/embedded/ds-5/sw/gcc/bin/../libexec/gcc/arm-linux-gnueabihf/:/home/elajs/intelFPGA/17.1/embedded/ds-5/sw/gcc/bin/../lib/gcc/arm-linux-gnueabihf/4.8.3/../../../../arm-linux-gnueabihf/bin/]
  ignore line: [LIBRARY_PATH=/home/elajs/intelFPGA/17.1/embedded/ds-5/sw/gcc/bin/../lib/gcc/arm-linux-gnueabihf/4.8.3/:/home/elajs/intelFPGA/17.1/embedded/ds-5/sw/gcc/bin/../lib/gcc/arm-linux-gnueabihf/:/home/elajs/intelFPGA/17.1/embedded/ds-5/sw/gcc/bin/../lib/gcc/:/home/elajs/intelFPGA/17.1/embedded/ds-5/sw/gcc/bin/../lib/gcc/arm-linux-gnueabihf/:/home/elajs/intelFPGA/17.1/embedded/ds-5/sw/gcc/bin/../lib/gcc/arm-linux-gnueabihf/4.8.3/../../../../arm-linux-gnueabihf/lib/:/home/elajs/intelFPGA/17.1/embedded/ds-5/sw/gcc/bin/../arm-linux-gnueabihf/libc/lib/arm-linux-gnueabihf/:/home/elajs/intelFPGA/17.1/embedded/ds-5/sw/gcc/bin/../arm-linux-gnueabihf/libc/lib/:/home/elajs/intelFPGA/17.1/embedded/ds-5/sw/gcc/bin/../arm-linux-gnueabihf/libc/lib/arm-linux-gnueabihf/:/home/elajs/intelFPGA/17.1/embedded/ds-5/sw/gcc/bin/../arm-linux-gnueabihf/libc/usr/lib/arm-linux-gnueabihf/:/home/elajs/intelFPGA/17.1/embedded/ds-5/sw/gcc/bin/../arm-linux-gnueabihf/libc/usr/lib/:/home/elajs/intelFPGA/17.1/embedded/ds-5/sw/gcc/bin/../arm-linux-gnueabihf/libc/usr/lib/arm-linux-gnueabihf/]
  ignore line: [COLLECT_GCC_OPTIONS='-v' '-o' 'cmTryCompileExec562411802' '-rdynamic' '-shared-libgcc' '-march=armv7-a' '-mtune=cortex-a9' '-mfloat-abi=hard' '-mfpu=vfpv3-d16' '-mthumb' '-mtls-dialect=gnu']
  link line: [ /home/elajs/intelFPGA/17.1/embedded/ds-5/sw/gcc/bin/../libexec/gcc/arm-linux-gnueabihf/4.8.3/collect2 --sysroot=/home/elajs/intelFPGA/17.1/embedded/ds-5/sw/gcc/bin/../arm-linux-gnueabihf/libc --build-id --eh-frame-hdr -export-dynamic -dynamic-linker /lib/ld-linux-armhf.so.3 -X -m armelf_linux_eabi -o cmTryCompileExec562411802 /home/elajs/intelFPGA/17.1/embedded/ds-5/sw/gcc/bin/../arm-linux-gnueabihf/libc/usr/lib/arm-linux-gnueabihf/crt1.o /home/elajs/intelFPGA/17.1/embedded/ds-5/sw/gcc/bin/../arm-linux-gnueabihf/libc/usr/lib/arm-linux-gnueabihf/crti.o /home/elajs/intelFPGA/17.1/embedded/ds-5/sw/gcc/bin/../lib/gcc/arm-linux-gnueabihf/4.8.3/crtbegin.o -L/home/elajs/intelFPGA/17.1/embedded/ds-5/sw/gcc/bin/../lib/gcc/arm-linux-gnueabihf/4.8.3 -L/home/elajs/intelFPGA/17.1/embedded/ds-5/sw/gcc/bin/../lib/gcc/arm-linux-gnueabihf -L/home/elajs/intelFPGA/17.1/embedded/ds-5/sw/gcc/bin/../lib/gcc -L/home/elajs/intelFPGA/17.1/embedded/ds-5/sw/gcc/bin/../lib/gcc/arm-linux-gnueabihf -L/home/elajs/intelFPGA/17.1/embedded/ds-5/sw/gcc/bin/../lib/gcc/arm-linux-gnueabihf/4.8.3/../../../../arm-linux-gnueabihf/lib -L/home/elajs/intelFPGA/17.1/embedded/ds-5/sw/gcc/bin/../arm-linux-gnueabihf/libc/lib/arm-linux-gnueabihf -L/home/elajs/intelFPGA/17.1/embedded/ds-5/sw/gcc/bin/../arm-linux-gnueabihf/libc/lib -L/home/elajs/intelFPGA/17.1/embedded/ds-5/sw/gcc/bin/../arm-linux-gnueabihf/libc/lib/arm-linux-gnueabihf -L/home/elajs/intelFPGA/17.1/embedded/ds-5/sw/gcc/bin/../arm-linux-gnueabihf/libc/usr/lib/arm-linux-gnueabihf -L/home/elajs/intelFPGA/17.1/embedded/ds-5/sw/gcc/bin/../arm-linux-gnueabihf/libc/usr/lib -L/home/elajs/intelFPGA/17.1/embedded/ds-5/sw/gcc/bin/../arm-linux-gnueabihf/libc/usr/lib/arm-linux-gnueabihf CMakeFiles/cmTryCompileExec562411802.dir/CMakeCXXCompilerABI.cpp.o -lstdc++ -lm -lgcc_s -lgcc -lc -lgcc_s -lgcc /home/elajs/intelFPGA/17.1/embedded/ds-5/sw/gcc/bin/../lib/gcc/arm-linux-gnueabihf/4.8.3/crtend.o /home/elajs/intelFPGA/17.1/embedded/ds-5/sw/gcc/bin/../arm-linux-gnueabihf/libc/usr/lib/arm-linux-gnueabihf/crtn.o]
    arg [/home/elajs/intelFPGA/17.1/embedded/ds-5/sw/gcc/bin/../libexec/gcc/arm-linux-gnueabihf/4.8.3/collect2] ==> ignore
    arg [--sysroot=/home/elajs/intelFPGA/17.1/embedded/ds-5/sw/gcc/bin/../arm-linux-gnueabihf/libc] ==> ignore
    arg [--build-id] ==> ignore
    arg [--eh-frame-hdr] ==> ignore
    arg [-export-dynamic] ==> ignore
    arg [-dynamic-linker] ==> ignore
    arg [/lib/ld-linux-armhf.so.3] ==> ignore
    arg [-X] ==> ignore
    arg [-m] ==> ignore
    arg [armelf_linux_eabi] ==> ignore
    arg [-o] ==> ignore
    arg [cmTryCompileExec562411802] ==> ignore
    arg [/home/elajs/intelFPGA/17.1/embedded/ds-5/sw/gcc/bin/../arm-linux-gnueabihf/libc/usr/lib/arm-linux-gnueabihf/crt1.o] ==> ignore
    arg [/home/elajs/intelFPGA/17.1/embedded/ds-5/sw/gcc/bin/../arm-linux-gnueabihf/libc/usr/lib/arm-linux-gnueabihf/crti.o] ==> ignore
    arg [/home/elajs/intelFPGA/17.1/embedded/ds-5/sw/gcc/bin/../lib/gcc/arm-linux-gnueabihf/4.8.3/crtbegin.o] ==> ignore
    arg [-L/home/elajs/intelFPGA/17.1/embedded/ds-5/sw/gcc/bin/../lib/gcc/arm-linux-gnueabihf/4.8.3] ==> dir [/home/elajs/intelFPGA/17.1/embedded/ds-5/sw/gcc/bin/../lib/gcc/arm-linux-gnueabihf/4.8.3]
    arg [-L/home/elajs/intelFPGA/17.1/embedded/ds-5/sw/gcc/bin/../lib/gcc/arm-linux-gnueabihf] ==> dir [/home/elajs/intelFPGA/17.1/embedded/ds-5/sw/gcc/bin/../lib/gcc/arm-linux-gnueabihf]
    arg [-L/home/elajs/intelFPGA/17.1/embedded/ds-5/sw/gcc/bin/../lib/gcc] ==> dir [/home/elajs/intelFPGA/17.1/embedded/ds-5/sw/gcc/bin/../lib/gcc]
    arg [-L/home/elajs/intelFPGA/17.1/embedded/ds-5/sw/gcc/bin/../lib/gcc/arm-linux-gnueabihf] ==> dir [/home/elajs/intelFPGA/17.1/embedded/ds-5/sw/gcc/bin/../lib/gcc/arm-linux-gnueabihf]
    arg [-L/home/elajs/intelFPGA/17.1/embedded/ds-5/sw/gcc/bin/../lib/gcc/arm-linux-gnueabihf/4.8.3/../../../../arm-linux-gnueabihf/lib] ==> dir [/home/elajs/intelFPGA/17.1/embedded/ds-5/sw/gcc/bin/../lib/gcc/arm-linux-gnueabihf/4.8.3/../../../../arm-linux-gnueabihf/lib]
    arg [-L/home/elajs/intelFPGA/17.1/embedded/ds-5/sw/gcc/bin/../arm-linux-gnueabihf/libc/lib/arm-linux-gnueabihf] ==> dir [/home/elajs/intelFPGA/17.1/embedded/ds-5/sw/gcc/bin/../arm-linux-gnueabihf/libc/lib/arm-linux-gnueabihf]
    arg [-L/home/elajs/intelFPGA/17.1/embedded/ds-5/sw/gcc/bin/../arm-linux-gnueabihf/libc/lib] ==> dir [/home/elajs/intelFPGA/17.1/embedded/ds-5/sw/gcc/bin/../arm-linux-gnueabihf/libc/lib]
    arg [-L/home/elajs/intelFPGA/17.1/embedded/ds-5/sw/gcc/bin/../arm-linux-gnueabihf/libc/lib/arm-linux-gnueabihf] ==> dir [/home/elajs/intelFPGA/17.1/embedded/ds-5/sw/gcc/bin/../arm-linux-gnueabihf/libc/lib/arm-linux-gnueabihf]
    arg [-L/home/elajs/intelFPGA/17.1/embedded/ds-5/sw/gcc/bin/../arm-linux-gnueabihf/libc/usr/lib/arm-linux-gnueabihf] ==> dir [/home/elajs/intelFPGA/17.1/embedded/ds-5/sw/gcc/bin/../arm-linux-gnueabihf/libc/usr/lib/arm-linux-gnueabihf]
    arg [-L/home/elajs/intelFPGA/17.1/embedded/ds-5/sw/gcc/bin/../arm-linux-gnueabihf/libc/usr/lib] ==> dir [/home/elajs/intelFPGA/17.1/embedded/ds-5/sw/gcc/bin/../arm-linux-gnueabihf/libc/usr/lib]
    arg [-L/home/elajs/intelFPGA/17.1/embedded/ds-5/sw/gcc/bin/../arm-linux-gnueabihf/libc/usr/lib/arm-linux-gnueabihf] ==> dir [/home/elajs/intelFPGA/17.1/embedded/ds-5/sw/gcc/bin/../arm-linux-gnueabihf/libc/usr/lib/arm-linux-gnueabihf]
    arg [CMakeFiles/cmTryCompileExec562411802.dir/CMakeCXXCompilerABI.cpp.o] ==> ignore
    arg [-lstdc++] ==> lib [stdc++]
    arg [-lm] ==> lib [m]
    arg [-lgcc_s] ==> lib [gcc_s]
    arg [-lgcc] ==> lib [gcc]
    arg [-lc] ==> lib [c]
    arg [-lgcc_s] ==> lib [gcc_s]
    arg [-lgcc] ==> lib [gcc]
    arg [/home/elajs/intelFPGA/17.1/embedded/ds-5/sw/gcc/bin/../lib/gcc/arm-linux-gnueabihf/4.8.3/crtend.o] ==> ignore
    arg [/home/elajs/intelFPGA/17.1/embedded/ds-5/sw/gcc/bin/../arm-linux-gnueabihf/libc/usr/lib/arm-linux-gnueabihf/crtn.o] ==> ignore
  remove lib [gcc_s]
  remove lib [gcc]
  remove lib [gcc_s]
  remove lib [gcc]
  collapse library dir [/home/elajs/intelFPGA/17.1/embedded/ds-5/sw/gcc/bin/../lib/gcc/arm-linux-gnueabihf/4.8.3] ==> [/home/elajs/intelFPGA/17.1/embedded/ds-5/sw/gcc/lib/gcc/arm-linux-gnueabihf/4.8.3]
  collapse library dir [/home/elajs/intelFPGA/17.1/embedded/ds-5/sw/gcc/bin/../lib/gcc/arm-linux-gnueabihf] ==> [/home/elajs/intelFPGA/17.1/embedded/ds-5/sw/gcc/lib/gcc/arm-linux-gnueabihf]
  collapse library dir [/home/elajs/intelFPGA/17.1/embedded/ds-5/sw/gcc/bin/../lib/gcc] ==> [/home/elajs/intelFPGA/17.1/embedded/ds-5/sw/gcc/lib/gcc]
  collapse library dir [/home/elajs/intelFPGA/17.1/embedded/ds-5/sw/gcc/bin/../lib/gcc/arm-linux-gnueabihf] ==> [/home/elajs/intelFPGA/17.1/embedded/ds-5/sw/gcc/lib/gcc/arm-linux-gnueabihf]
  collapse library dir [/home/elajs/intelFPGA/17.1/embedded/ds-5/sw/gcc/bin/../lib/gcc/arm-linux-gnueabihf/4.8.3/../../../../arm-linux-gnueabihf/lib] ==> [/home/elajs/intelFPGA/17.1/embedded/ds-5/sw/gcc/arm-linux-gnueabihf/lib]
  collapse library dir [/home/elajs/intelFPGA/17.1/embedded/ds-5/sw/gcc/bin/../arm-linux-gnueabihf/libc/lib/arm-linux-gnueabihf] ==> [/home/elajs/intelFPGA/17.1/embedded/ds-5/sw/gcc/arm-linux-gnueabihf/libc/lib/arm-linux-gnueabihf]
  collapse library dir [/home/elajs/intelFPGA/17.1/embedded/ds-5/sw/gcc/bin/../arm-linux-gnueabihf/libc/lib] ==> [/home/elajs/intelFPGA/17.1/embedded/ds-5/sw/gcc/arm-linux-gnueabihf/libc/lib]
  collapse library dir [/home/elajs/intelFPGA/17.1/embedded/ds-5/sw/gcc/bin/../arm-linux-gnueabihf/libc/lib/arm-linux-gnueabihf] ==> [/home/elajs/intelFPGA/17.1/embedded/ds-5/sw/gcc/arm-linux-gnueabihf/libc/lib/arm-linux-gnueabihf]
  collapse library dir [/home/elajs/intelFPGA/17.1/embedded/ds-5/sw/gcc/bin/../arm-linux-gnueabihf/libc/usr/lib/arm-linux-gnueabihf] ==> [/home/elajs/intelFPGA/17.1/embedded/ds-5/sw/gcc/arm-linux-gnueabihf/libc/usr/lib/arm-linux-gnueabihf]
  collapse library dir [/home/elajs/intelFPGA/17.1/embedded/ds-5/sw/gcc/bin/../arm-linux-gnueabihf/libc/usr/lib] ==> [/home/elajs/intelFPGA/17.1/embedded/ds-5/sw/gcc/arm-linux-gnueabihf/libc/usr/lib]
  collapse library dir [/home/elajs/intelFPGA/17.1/embedded/ds-5/sw/gcc/bin/../arm-linux-gnueabihf/libc/usr/lib/arm-linux-gnueabihf] ==> [/home/elajs/intelFPGA/17.1/embedded/ds-5/sw/gcc/arm-linux-gnueabihf/libc/usr/lib/arm-linux-gnueabihf]
  implicit libs: [stdc++;m;c]
  implicit dirs: [/home/elajs/intelFPGA/17.1/embedded/ds-5/sw/gcc/lib/gcc/arm-linux-gnueabihf/4.8.3;/home/elajs/intelFPGA/17.1/embedded/ds-5/sw/gcc/lib/gcc/arm-linux-gnueabihf;/home/elajs/intelFPGA/17.1/embedded/ds-5/sw/gcc/lib/gcc;/home/elajs/intelFPGA/17.1/embedded/ds-5/sw/gcc/arm-linux-gnueabihf/lib;/home/elajs/intelFPGA/17.1/embedded/ds-5/sw/gcc/arm-linux-gnueabihf/libc/lib/arm-linux-gnueabihf;/home/elajs/intelFPGA/17.1/embedded/ds-5/sw/gcc/arm-linux-gnueabihf/libc/lib;/home/elajs/intelFPGA/17.1/embedded/ds-5/sw/gcc/arm-linux-gnueabihf/libc/usr/lib/arm-linux-gnueabihf;/home/elajs/intelFPGA/17.1/embedded/ds-5/sw/gcc/arm-linux-gnueabihf/libc/usr/lib]
  implicit fwks: []


