/home/elajs/Radiation-Control-arm/src/rayintersect.cl:24:24: warning: assigning to '__attribute__((address_space(16776960))) double *' from 'const __attribute__((address_space(16776960))) double *' discards qualifiers
        collision_data = origin_data;
                       ^ ~~~~~~~~~~~
/home/elajs/Radiation-Control-arm/src/rayintersect.cl:49:12: warning: incompatible integer to pointer conversion assigning to '__attribute__((address_space(16776960))) char *' from 'bool'; 
    impact = true;
           ^ ~~~~
/home/elajs/Radiation-Control-arm/src/rayintersect.cl:1:51: warning: declaring kernel argument with no 'restrict' may lead to low kernel performance
__kernel void ray_intersect (global const double *origin_data, global const double *direction, 
                                                  ^
/home/elajs/Radiation-Control-arm/src/rayintersect.cl:1:85: warning: declaring kernel argument with no 'restrict' may lead to low kernel performance
__kernel void ray_intersect (global const double *origin_data, global const double *direction, 
                                                                                    ^
/home/elajs/Radiation-Control-arm/src/rayintersect.cl:2:50: warning: declaring kernel argument with no 'restrict' may lead to low kernel performance
                            global const double *box_centre, global const double *box_width,
                                                 ^
/home/elajs/Radiation-Control-arm/src/rayintersect.cl:2:83: warning: declaring kernel argument with no 'restrict' may lead to low kernel performance
                            global const double *box_centre, global const double *box_width,
                                                                                  ^
/home/elajs/Radiation-Control-arm/src/rayintersect.cl:3:44: warning: declaring kernel argument with no 'restrict' may lead to low kernel performance
                            global double *collision_data, global char *impact, global char *inside)
                                           ^
/home/elajs/Radiation-Control-arm/src/rayintersect.cl:3:73: warning: declaring kernel argument with no 'restrict' may lead to low kernel performance
                            global double *collision_data, global char *impact, global char *inside)
                                                                        ^
/home/elajs/Radiation-Control-arm/src/rayintersect.cl:3:94: warning: declaring kernel argument with no 'restrict' may lead to low kernel performance
                            global double *collision_data, global char *impact, global char *inside)
                                                                                             ^
9 warnings generated.
